<?xml version="1.0" encoding="UTF-8"?>
<!-- Generated by org.testng.reporters.JUnitXMLReporter -->
<testsuite ignored="2" hostname="DESKTOP-6F4FI55" failures="0" tests="2" name="dws" time="17.424" errors="0" timestamp="2025-05-31T14:53:00 IST">
  <testcase classname="computer.TC_DWS_010_Test" name="clickOnComputers" time="1.809"/>
  <testcase classname="books.TC_DWS_001_Test" name="clickOnBookd" time="1.594"/>
  <testcase classname="genericutility.BaseClass" name="@BeforeSuite reportConfiguration" time="0.0">
    <ignored/>
  </testcase> <!-- @BeforeSuite reportConfiguration -->
  <testcase classname="genericutility.BaseClass" name="@AfterSuite reportBackup" time="0.0">
    <ignored/>
  </testcase> <!-- @AfterSuite reportBackup -->
</testsuite> <!-- dws -->
